<?xml version="1.0" encoding="UTF-8"?>
<!-- Generated by org.testng.reporters.JUnitReportReporter -->
<testsuite skipped="0" hostname="DESKTOP-1C8Q75N" name="test.ToggleAllTest" tests="1" failures="0" timestamp="2022-07-06T15:52:30 EDT" time="2.452" errors="0">
  <testcase name="ValidateWhenTheToggleAllCheckBoxIsCHECKED_AllCheckBoxesAreAlsoCHECKED_ON" time="2.452" classname="test.ToggleAllTest"/>
  <system-out/>
</testsuite> <!-- test.ToggleAllTest -->
