<?xml version="1.0" encoding="UTF-8"?>
<!-- Generated by org.testng.reporters.JUnitReportReporter -->
<testsuite skipped="0" hostname="DESKTOP-1C8Q75N" name="test.ToggleAll" tests="1" failures="0" timestamp="2022-07-05T13:18:49 EDT" time="2.706" errors="0">
  <testcase name="ValidateWhenTheToggleAllCheckBoxIsCHECKED_AllCheckBoxesAreAlsoCHECKED_ON" time="2.706" classname="test.ToggleAll"/>
  <system-out/>
</testsuite> <!-- test.ToggleAll -->
