<?xml version="1.0" encoding="UTF-8"?>
<!-- Generated by org.testng.reporters.JUnitReportReporter -->
<testsuite skipped="0" hostname="DESKTOP-1C8Q75N" name="test.ValidateRemove" tests="1" failures="0" timestamp="2022-07-07T23:02:11 EDT" time="2.559" errors="0">
  <testcase name="ValidateChecked" time="2.559" classname="test.ValidateRemove"/>
  <system-out/>
</testsuite> <!-- test.ValidateRemove -->
