<?xml version="1.0" encoding="UTF-8"?>
<!-- Generated by org.testng.reporters.JUnitReportReporter -->
<testsuite skipped="0" hostname="DESKTOP-1C8Q75N" name="test.checkBoxIsCHeckedTest" tests="1" failures="0" timestamp="2022-07-07T23:03:06 EDT" time="2.554" errors="0">
  <testcase name="ValidateChecked" time="2.554" classname="test.checkBoxIsCHeckedTest"/>
  <system-out/>
</testsuite> <!-- test.checkBoxIsCHeckedTest -->
